2024-03-16T17:17:56.578+0530 [WARN]  Provider "registry.terraform.io/hashicorp/aws" produced an invalid plan for aws_iam_user.family[1], but we are tolerating it because it is using the legacy plugin SDK.
    The following problems may be the cause of any confusing errors from downstream operations:
      - .force_destroy: planned value cty.False for a non-computed attribute
2024-03-16T17:17:56.579+0530 [WARN]  Provider "registry.terraform.io/hashicorp/aws" produced an invalid plan for aws_iam_user.family[0], but we are tolerating it because it is using the legacy plugin SDK.
    The following problems may be the cause of any confusing errors from downstream operations:
      - .force_destroy: planned value cty.False for a non-computed attribute
2024-03-16T17:17:56.579+0530 [WARN]  Provider "registry.terraform.io/hashicorp/aws" produced an invalid plan for aws_vpc.main, but we are tolerating it because it is using the legacy plugin SDK.
    The following problems may be the cause of any confusing errors from downstream operations:
      - .enable_dns_support: planned value cty.True for a non-computed attribute
2024-03-16T17:17:56.580+0530 [WARN]  Provider "registry.terraform.io/hashicorp/aws" produced an invalid plan for aws_iam_user.family[2], but we are tolerating it because it is using the legacy plugin SDK.
    The following problems may be the cause of any confusing errors from downstream operations:
      - .force_destroy: planned value cty.False for a non-computed attribute
2024-03-16T17:17:56.581+0530 [WARN]  Provider "registry.terraform.io/hashicorp/aws" produced an invalid plan for aws_instance.prod[0], but we are tolerating it because it is using the legacy plugin SDK.
    The following problems may be the cause of any confusing errors from downstream operations:
      - .get_password_data: planned value cty.False for a non-computed attribute
      - .source_dest_check: planned value cty.True for a non-computed attribute
      - .user_data_replace_on_change: planned value cty.False for a non-computed attribute
      - .ebs_block_device: attribute representing nested block must not be unknown itself; set nested attribute values to unknown instead
      - .private_dns_name_options: attribute representing nested block must not be unknown itself; set nested attribute values to unknown instead
      - .capacity_reservation_specification: attribute representing nested block must not be unknown itself; set nested attribute values to unknown instead
      - .instance_market_options: attribute representing nested block must not be unknown itself; set nested attribute values to unknown instead
      - .metadata_options: attribute representing nested block must not be unknown itself; set nested attribute values to unknown instead
      - .maintenance_options: attribute representing nested block must not be unknown itself; set nested attribute values to unknown instead
      - .root_block_device: attribute representing nested block must not be unknown itself; set nested attribute values to unknown instead
      - .cpu_options: attribute representing nested block must not be unknown itself; set nested attribute values to unknown instead
      - .ephemeral_block_device: attribute representing nested block must not be unknown itself; set nested attribute values to unknown instead
      - .network_interface: attribute representing nested block must not be unknown itself; set nested attribute values to unknown instead
      - .enclave_options: attribute representing nested block must not be unknown itself; set nested attribute values to unknown instead
2024-03-16T17:17:56.582+0530 [WARN]  Provider "registry.terraform.io/hashicorp/aws" produced an invalid plan for aws_instance.app-dev[1], but we are tolerating it because it is using the legacy plugin SDK.
    The following problems may be the cause of any confusing errors from downstream operations:
      - .source_dest_check: planned value cty.True for a non-computed attribute
      - .user_data_replace_on_change: planned value cty.False for a non-computed attribute
      - .get_password_data: planned value cty.False for a non-computed attribute
      - .cpu_options: attribute representing nested block must not be unknown itself; set nested attribute values to unknown instead
      - .ephemeral_block_device: attribute representing nested block must not be unknown itself; set nested attribute values to unknown instead
      - .maintenance_options: attribute representing nested block must not be unknown itself; set nested attribute values to unknown instead
      - .root_block_device: attribute representing nested block must not be unknown itself; set nested attribute values to unknown instead
      - .enclave_options: attribute representing nested block must not be unknown itself; set nested attribute values to unknown instead
      - .network_interface: attribute representing nested block must not be unknown itself; set nested attribute values to unknown instead
      - .capacity_reservation_specification: attribute representing nested block must not be unknown itself; set nested attribute values to unknown instead
      - .ebs_block_device: attribute representing nested block must not be unknown itself; set nested attribute values to unknown instead
      - .private_dns_name_options: attribute representing nested block must not be unknown itself; set nested attribute values to unknown instead
      - .instance_market_options: attribute representing nested block must not be unknown itself; set nested attribute values to unknown instead
      - .metadata_options: attribute representing nested block must not be unknown itself; set nested attribute values to unknown instead
2024-03-16T17:17:56.589+0530 [WARN]  Provider "registry.terraform.io/hashicorp/aws" produced an invalid plan for aws_instance.myvm, but we are tolerating it because it is using the legacy plugin SDK.
    The following problems may be the cause of any confusing errors from downstream operations:
      - .source_dest_check: planned value cty.True for a non-computed attribute
      - .user_data_replace_on_change: planned value cty.False for a non-computed attribute
      - .get_password_data: planned value cty.False for a non-computed attribute
      - .metadata_options: attribute representing nested block must not be unknown itself; set nested attribute values to unknown instead
      - .instance_market_options: attribute representing nested block must not be unknown itself; set nested attribute values to unknown instead
      - .ephemeral_block_device: attribute representing nested block must not be unknown itself; set nested attribute values to unknown instead
      - .maintenance_options: attribute representing nested block must not be unknown itself; set nested attribute values to unknown instead
      - .root_block_device: attribute representing nested block must not be unknown itself; set nested attribute values to unknown instead
      - .cpu_options: attribute representing nested block must not be unknown itself; set nested attribute values to unknown instead
      - .network_interface: attribute representing nested block must not be unknown itself; set nested attribute values to unknown instead
      - .enclave_options: attribute representing nested block must not be unknown itself; set nested attribute values to unknown instead
      - .ebs_block_device: attribute representing nested block must not be unknown itself; set nested attribute values to unknown instead
      - .private_dns_name_options: attribute representing nested block must not be unknown itself; set nested attribute values to unknown instead
      - .capacity_reservation_specification: attribute representing nested block must not be unknown itself; set nested attribute values to unknown instead
2024-03-16T17:17:56.615+0530 [WARN]  Provider "registry.terraform.io/hashicorp/aws" produced an invalid plan for aws_instance.app-dev[0], but we are tolerating it because it is using the legacy plugin SDK.
    The following problems may be the cause of any confusing errors from downstream operations:
      - .source_dest_check: planned value cty.True for a non-computed attribute
      - .user_data_replace_on_change: planned value cty.False for a non-computed attribute
      - .get_password_data: planned value cty.False for a non-computed attribute
      - .instance_market_options: attribute representing nested block must not be unknown itself; set nested attribute values to unknown instead
      - .metadata_options: attribute representing nested block must not be unknown itself; set nested attribute values to unknown instead
      - .cpu_options: attribute representing nested block must not be unknown itself; set nested attribute values to unknown instead
      - .ephemeral_block_device: attribute representing nested block must not be unknown itself; set nested attribute values to unknown instead
      - .maintenance_options: attribute representing nested block must not be unknown itself; set nested attribute values to unknown instead
      - .root_block_device: attribute representing nested block must not be unknown itself; set nested attribute values to unknown instead
      - .enclave_options: attribute representing nested block must not be unknown itself; set nested attribute values to unknown instead
      - .network_interface: attribute representing nested block must not be unknown itself; set nested attribute values to unknown instead
      - .capacity_reservation_specification: attribute representing nested block must not be unknown itself; set nested attribute values to unknown instead
      - .ebs_block_device: attribute representing nested block must not be unknown itself; set nested attribute values to unknown instead
      - .private_dns_name_options: attribute representing nested block must not be unknown itself; set nested attribute values to unknown instead
2024-03-16T17:17:56.617+0530 [WARN]  Provider "registry.terraform.io/hashicorp/aws" produced an invalid plan for aws_security_group.allow_tls, but we are tolerating it because it is using the legacy plugin SDK.
    The following problems may be the cause of any confusing errors from downstream operations:
      - .revoke_rules_on_delete: planned value cty.False for a non-computed attribute
2024-03-16T17:17:56.634+0530 [WARN]  Provider "registry.terraform.io/hashicorp/aws" produced an invalid plan for aws_elb.bar, but we are tolerating it because it is using the legacy plugin SDK.
    The following problems may be the cause of any confusing errors from downstream operations:
      - .instances: planned value cty.UnknownVal(cty.Set(cty.String)) does not match config value cty.SetVal([]cty.Value{cty.UnknownVal(cty.String)})
      - .desync_mitigation_mode: planned value cty.StringVal("defensive") for a non-computed attribute
2024-03-16T17:17:57.018+0530 [WARN]  Provider "registry.terraform.io/hashicorp/aws" produced an invalid plan for aws_instance.instance-1, but we are tolerating it because it is using the legacy plugin SDK.
    The following problems may be the cause of any confusing errors from downstream operations:
      - .get_password_data: planned value cty.False for a non-computed attribute
      - .source_dest_check: planned value cty.True for a non-computed attribute
      - .user_data_replace_on_change: planned value cty.False for a non-computed attribute
      - .network_interface: attribute representing nested block must not be unknown itself; set nested attribute values to unknown instead
      - .enclave_options: attribute representing nested block must not be unknown itself; set nested attribute values to unknown instead
      - .ebs_block_device: attribute representing nested block must not be unknown itself; set nested attribute values to unknown instead
      - .private_dns_name_options: attribute representing nested block must not be unknown itself; set nested attribute values to unknown instead
      - .capacity_reservation_specification: attribute representing nested block must not be unknown itself; set nested attribute values to unknown instead
      - .instance_market_options: attribute representing nested block must not be unknown itself; set nested attribute values to unknown instead
      - .metadata_options: attribute representing nested block must not be unknown itself; set nested attribute values to unknown instead
      - .maintenance_options: attribute representing nested block must not be unknown itself; set nested attribute values to unknown instead
      - .root_block_device: attribute representing nested block must not be unknown itself; set nested attribute values to unknown instead
      - .cpu_options: attribute representing nested block must not be unknown itself; set nested attribute values to unknown instead
      - .ephemeral_block_device: attribute representing nested block must not be unknown itself; set nested attribute values to unknown instead
2024-03-16T17:17:58.577+0530 [WARN]  Provider "registry.terraform.io/hashicorp/aws" produced an invalid plan for aws_instance.prod[0], but we are tolerating it because it is using the legacy plugin SDK.
    The following problems may be the cause of any confusing errors from downstream operations:
      - .get_password_data: planned value cty.False for a non-computed attribute
      - .source_dest_check: planned value cty.True for a non-computed attribute
      - .user_data_replace_on_change: planned value cty.False for a non-computed attribute
      - .cpu_options: attribute representing nested block must not be unknown itself; set nested attribute values to unknown instead
      - .ephemeral_block_device: attribute representing nested block must not be unknown itself; set nested attribute values to unknown instead
      - .maintenance_options: attribute representing nested block must not be unknown itself; set nested attribute values to unknown instead
      - .root_block_device: attribute representing nested block must not be unknown itself; set nested attribute values to unknown instead
      - .enclave_options: attribute representing nested block must not be unknown itself; set nested attribute values to unknown instead
      - .network_interface: attribute representing nested block must not be unknown itself; set nested attribute values to unknown instead
      - .capacity_reservation_specification: attribute representing nested block must not be unknown itself; set nested attribute values to unknown instead
      - .ebs_block_device: attribute representing nested block must not be unknown itself; set nested attribute values to unknown instead
      - .private_dns_name_options: attribute representing nested block must not be unknown itself; set nested attribute values to unknown instead
      - .instance_market_options: attribute representing nested block must not be unknown itself; set nested attribute values to unknown instead
      - .metadata_options: attribute representing nested block must not be unknown itself; set nested attribute values to unknown instead
2024-03-16T17:17:58.577+0530 [WARN]  Provider "registry.terraform.io/hashicorp/aws" produced an invalid plan for aws_instance.instance-1, but we are tolerating it because it is using the legacy plugin SDK.
    The following problems may be the cause of any confusing errors from downstream operations:
      - .get_password_data: planned value cty.False for a non-computed attribute
      - .source_dest_check: planned value cty.True for a non-computed attribute
      - .user_data_replace_on_change: planned value cty.False for a non-computed attribute
      - .ebs_block_device: attribute representing nested block must not be unknown itself; set nested attribute values to unknown instead
      - .private_dns_name_options: attribute representing nested block must not be unknown itself; set nested attribute values to unknown instead
      - .capacity_reservation_specification: attribute representing nested block must not be unknown itself; set nested attribute values to unknown instead
      - .instance_market_options: attribute representing nested block must not be unknown itself; set nested attribute values to unknown instead
      - .metadata_options: attribute representing nested block must not be unknown itself; set nested attribute values to unknown instead
      - .maintenance_options: attribute representing nested block must not be unknown itself; set nested attribute values to unknown instead
      - .root_block_device: attribute representing nested block must not be unknown itself; set nested attribute values to unknown instead
      - .cpu_options: attribute representing nested block must not be unknown itself; set nested attribute values to unknown instead
      - .ephemeral_block_device: attribute representing nested block must not be unknown itself; set nested attribute values to unknown instead
      - .network_interface: attribute representing nested block must not be unknown itself; set nested attribute values to unknown instead
      - .enclave_options: attribute representing nested block must not be unknown itself; set nested attribute values to unknown instead
2024-03-16T17:17:58.578+0530 [WARN]  Provider "registry.terraform.io/hashicorp/aws" produced an invalid plan for aws_vpc.main, but we are tolerating it because it is using the legacy plugin SDK.
    The following problems may be the cause of any confusing errors from downstream operations:
      - .enable_dns_support: planned value cty.True for a non-computed attribute
2024-03-16T17:17:58.578+0530 [WARN]  Provider "registry.terraform.io/hashicorp/aws" produced an invalid plan for aws_iam_user.family[2], but we are tolerating it because it is using the legacy plugin SDK.
    The following problems may be the cause of any confusing errors from downstream operations:
      - .force_destroy: planned value cty.False for a non-computed attribute
2024-03-16T17:17:58.591+0530 [WARN]  Provider "registry.terraform.io/hashicorp/aws" produced an invalid plan for aws_iam_user.family[0], but we are tolerating it because it is using the legacy plugin SDK.
    The following problems may be the cause of any confusing errors from downstream operations:
      - .force_destroy: planned value cty.False for a non-computed attribute
2024-03-16T17:17:58.592+0530 [WARN]  Provider "registry.terraform.io/hashicorp/aws" produced an invalid plan for aws_instance.myvm, but we are tolerating it because it is using the legacy plugin SDK.
    The following problems may be the cause of any confusing errors from downstream operations:
      - .get_password_data: planned value cty.False for a non-computed attribute
      - .source_dest_check: planned value cty.True for a non-computed attribute
      - .user_data_replace_on_change: planned value cty.False for a non-computed attribute
      - .cpu_options: attribute representing nested block must not be unknown itself; set nested attribute values to unknown instead
      - .ephemeral_block_device: attribute representing nested block must not be unknown itself; set nested attribute values to unknown instead
      - .maintenance_options: attribute representing nested block must not be unknown itself; set nested attribute values to unknown instead
      - .root_block_device: attribute representing nested block must not be unknown itself; set nested attribute values to unknown instead
      - .enclave_options: attribute representing nested block must not be unknown itself; set nested attribute values to unknown instead
      - .network_interface: attribute representing nested block must not be unknown itself; set nested attribute values to unknown instead
      - .capacity_reservation_specification: attribute representing nested block must not be unknown itself; set nested attribute values to unknown instead
      - .ebs_block_device: attribute representing nested block must not be unknown itself; set nested attribute values to unknown instead
      - .private_dns_name_options: attribute representing nested block must not be unknown itself; set nested attribute values to unknown instead
      - .instance_market_options: attribute representing nested block must not be unknown itself; set nested attribute values to unknown instead
      - .metadata_options: attribute representing nested block must not be unknown itself; set nested attribute values to unknown instead
2024-03-16T17:17:58.593+0530 [WARN]  Provider "registry.terraform.io/hashicorp/aws" produced an invalid plan for aws_iam_user.family[1], but we are tolerating it because it is using the legacy plugin SDK.
    The following problems may be the cause of any confusing errors from downstream operations:
      - .force_destroy: planned value cty.False for a non-computed attribute
2024-03-16T17:17:58.593+0530 [WARN]  Provider "registry.terraform.io/hashicorp/aws" produced an invalid plan for aws_instance.app-dev[1], but we are tolerating it because it is using the legacy plugin SDK.
    The following problems may be the cause of any confusing errors from downstream operations:
      - .get_password_data: planned value cty.False for a non-computed attribute
      - .source_dest_check: planned value cty.True for a non-computed attribute
      - .user_data_replace_on_change: planned value cty.False for a non-computed attribute
      - .capacity_reservation_specification: attribute representing nested block must not be unknown itself; set nested attribute values to unknown instead
      - .ebs_block_device: attribute representing nested block must not be unknown itself; set nested attribute values to unknown instead
      - .private_dns_name_options: attribute representing nested block must not be unknown itself; set nested attribute values to unknown instead
      - .instance_market_options: attribute representing nested block must not be unknown itself; set nested attribute values to unknown instead
      - .metadata_options: attribute representing nested block must not be unknown itself; set nested attribute values to unknown instead
      - .cpu_options: attribute representing nested block must not be unknown itself; set nested attribute values to unknown instead
      - .ephemeral_block_device: attribute representing nested block must not be unknown itself; set nested attribute values to unknown instead
      - .maintenance_options: attribute representing nested block must not be unknown itself; set nested attribute values to unknown instead
      - .root_block_device: attribute representing nested block must not be unknown itself; set nested attribute values to unknown instead
      - .enclave_options: attribute representing nested block must not be unknown itself; set nested attribute values to unknown instead
      - .network_interface: attribute representing nested block must not be unknown itself; set nested attribute values to unknown instead
2024-03-16T17:17:58.601+0530 [WARN]  Provider "registry.terraform.io/hashicorp/aws" produced an invalid plan for aws_instance.app-dev[0], but we are tolerating it because it is using the legacy plugin SDK.
    The following problems may be the cause of any confusing errors from downstream operations:
      - .get_password_data: planned value cty.False for a non-computed attribute
      - .source_dest_check: planned value cty.True for a non-computed attribute
      - .user_data_replace_on_change: planned value cty.False for a non-computed attribute
      - .instance_market_options: attribute representing nested block must not be unknown itself; set nested attribute values to unknown instead
      - .metadata_options: attribute representing nested block must not be unknown itself; set nested attribute values to unknown instead
      - .maintenance_options: attribute representing nested block must not be unknown itself; set nested attribute values to unknown instead
      - .root_block_device: attribute representing nested block must not be unknown itself; set nested attribute values to unknown instead
      - .cpu_options: attribute representing nested block must not be unknown itself; set nested attribute values to unknown instead
      - .ephemeral_block_device: attribute representing nested block must not be unknown itself; set nested attribute values to unknown instead
      - .network_interface: attribute representing nested block must not be unknown itself; set nested attribute values to unknown instead
      - .enclave_options: attribute representing nested block must not be unknown itself; set nested attribute values to unknown instead
      - .ebs_block_device: attribute representing nested block must not be unknown itself; set nested attribute values to unknown instead
      - .private_dns_name_options: attribute representing nested block must not be unknown itself; set nested attribute values to unknown instead
      - .capacity_reservation_specification: attribute representing nested block must not be unknown itself; set nested attribute values to unknown instead
2024-03-16T17:17:59.931+0530 [WARN]  Provider "provider[\"registry.terraform.io/hashicorp/aws\"]" produced an unexpected new value for aws_vpc.main, but we are tolerating it because it is using the legacy plugin SDK.
    The following problems may be the cause of any confusing errors from downstream operations:
      - .assign_generated_ipv6_cidr_block: was null, but now cty.False
      - .ipv6_ipam_pool_id: was null, but now cty.StringVal("")
      - .ipv6_netmask_length: was null, but now cty.NumberIntVal(0)
2024-03-16T17:17:59.945+0530 [WARN]  Provider "registry.terraform.io/hashicorp/aws" produced an invalid plan for aws_security_group.allow_tls, but we are tolerating it because it is using the legacy plugin SDK.
    The following problems may be the cause of any confusing errors from downstream operations:
      - .revoke_rules_on_delete: planned value cty.False for a non-computed attribute
2024-03-16T17:18:00.047+0530 [WARN]  Provider "provider[\"registry.terraform.io/hashicorp/aws\"]" produced an unexpected new value for aws_iam_user.family[0], but we are tolerating it because it is using the legacy plugin SDK.
    The following problems may be the cause of any confusing errors from downstream operations:
      - .permissions_boundary: was null, but now cty.StringVal("")
2024-03-16T17:18:00.069+0530 [WARN]  Provider "provider[\"registry.terraform.io/hashicorp/aws\"]" produced an unexpected new value for aws_iam_user.family[2], but we are tolerating it because it is using the legacy plugin SDK.
    The following problems may be the cause of any confusing errors from downstream operations:
      - .permissions_boundary: was null, but now cty.StringVal("")
2024-03-16T17:18:00.082+0530 [WARN]  Provider "provider[\"registry.terraform.io/hashicorp/aws\"]" produced an unexpected new value for aws_iam_user.family[1], but we are tolerating it because it is using the legacy plugin SDK.
    The following problems may be the cause of any confusing errors from downstream operations:
      - .permissions_boundary: was null, but now cty.StringVal("")
2024-03-16T17:18:11.678+0530 [WARN]  Provider "provider[\"registry.terraform.io/hashicorp/aws\"]" produced an unexpected new value for aws_instance.prod[0], but we are tolerating it because it is using the legacy plugin SDK.
    The following problems may be the cause of any confusing errors from downstream operations:
      - .hibernation: was null, but now cty.False
      - .credit_specification: block count changed from 0 to 1
2024-03-16T17:18:21.096+0530 [WARN]  Provider "provider[\"registry.terraform.io/hashicorp/aws\"]" produced an unexpected new value for aws_instance.app-dev[0], but we are tolerating it because it is using the legacy plugin SDK.
    The following problems may be the cause of any confusing errors from downstream operations:
      - .hibernation: was null, but now cty.False
      - .credit_specification: block count changed from 0 to 1
2024-03-16T17:18:30.632+0530 [WARN]  Provider "provider[\"registry.terraform.io/hashicorp/aws\"]" produced an unexpected new value for aws_instance.app-dev[1], but we are tolerating it because it is using the legacy plugin SDK.
    The following problems may be the cause of any confusing errors from downstream operations:
      - .hibernation: was null, but now cty.False
      - .credit_specification: block count changed from 0 to 1
2024-03-16T17:18:30.646+0530 [WARN]  Provider "provider[\"registry.terraform.io/hashicorp/aws\"]" produced an unexpected new value for aws_instance.instance-1, but we are tolerating it because it is using the legacy plugin SDK.
    The following problems may be the cause of any confusing errors from downstream operations:
      - .hibernation: was null, but now cty.False
      - .credit_specification: block count changed from 0 to 1
2024-03-16T17:18:30.647+0530 [WARN]  Provider "provider[\"registry.terraform.io/hashicorp/aws\"]" produced an unexpected new value for aws_instance.myvm, but we are tolerating it because it is using the legacy plugin SDK.
    The following problems may be the cause of any confusing errors from downstream operations:
      - .hibernation: was null, but now cty.False
      - .credit_specification: block count changed from 0 to 1
2024-03-16T17:18:30.672+0530 [WARN]  Provider "registry.terraform.io/hashicorp/aws" produced an invalid plan for aws_elb.bar, but we are tolerating it because it is using the legacy plugin SDK.
    The following problems may be the cause of any confusing errors from downstream operations:
      - .desync_mitigation_mode: planned value cty.StringVal("defensive") for a non-computed attribute
2024-03-16T17:18:32.358+0530 [WARN]  Provider "provider[\"registry.terraform.io/hashicorp/aws\"]" produced an unexpected new value for aws_eip.lb, but we are tolerating it because it is using the legacy plugin SDK.
    The following problems may be the cause of any confusing errors from downstream operations:
      - .customer_owned_ipv4_pool: was null, but now cty.StringVal("")
2024-03-16T17:54:41.867+0530 [ERROR] vertex "aws_vpc_security_group_ingress_rule.DynamicSg" error: Missing required argument
2024-03-16T17:54:41.868+0530 [ERROR] vertex "aws_vpc_security_group_ingress_rule.DynamicSg" error: Missing required argument
2024-03-16T17:54:41.868+0530 [ERROR] vertex "aws_vpc_security_group_ingress_rule.DynamicSg" error: Unsupported block type
